2020-06-17 08:17:56,165 0      [           main] DEBUG ache.ibatis.logging.LogFactory  - Logging initialized using 'class org.apache.ibatis.logging.log4j.Log4jImpl' adapter.
2020-06-17 08:17:56,190 25     [           main] DEBUG source.pooled.PooledDataSource  - PooledDataSource forcefully closed/removed all connections.
2020-06-17 08:17:56,190 25     [           main] DEBUG source.pooled.PooledDataSource  - PooledDataSource forcefully closed/removed all connections.
2020-06-17 08:17:56,190 25     [           main] DEBUG source.pooled.PooledDataSource  - PooledDataSource forcefully closed/removed all connections.
2020-06-17 08:17:56,190 25     [           main] DEBUG source.pooled.PooledDataSource  - PooledDataSource forcefully closed/removed all connections.
2020-06-17 08:17:56,305 140    [           main] DEBUG ansaction.jdbc.JdbcTransaction  - Opening JDBC Connection
2020-06-17 08:17:56,829 664    [           main] DEBUG source.pooled.PooledDataSource  - Created connection 2124046270.
2020-06-17 08:17:56,830 665    [           main] DEBUG ansaction.jdbc.JdbcTransaction  - Setting autocommit to false on JDBC Connection [com.mysql.jdbc.JDBC4Connection@7e9a5fbe]
2020-06-17 08:17:56,833 668    [           main] DEBUG    com.cc.dao.IUserDao.findAll  - ==>  Preparing: select * from user
2020-06-17 08:17:56,857 692    [           main] DEBUG    com.cc.dao.IUserDao.findAll  - ==> Parameters: 
2020-06-17 08:17:56,873 708    [           main] DEBUG    com.cc.dao.IUserDao.findAll  - <==      Total: 6
2020-06-17 08:17:56,873 708    [           main] DEBUG ansaction.jdbc.JdbcTransaction  - Resetting autocommit to true on JDBC Connection [com.mysql.jdbc.JDBC4Connection@7e9a5fbe]
2020-06-17 08:17:56,876 711    [           main] DEBUG ansaction.jdbc.JdbcTransaction  - Closing JDBC Connection [com.mysql.jdbc.JDBC4Connection@7e9a5fbe]
2020-06-17 08:17:56,876 711    [           main] DEBUG source.pooled.PooledDataSource  - Returned connection 2124046270 to pool.
2020-06-17 08:18:23,594 0      [           main] DEBUG ache.ibatis.logging.LogFactory  - Logging initialized using 'class org.apache.ibatis.logging.log4j.Log4jImpl' adapter.
2020-06-17 08:18:23,612 18     [           main] DEBUG source.pooled.PooledDataSource  - PooledDataSource forcefully closed/removed all connections.
2020-06-17 08:18:23,612 18     [           main] DEBUG source.pooled.PooledDataSource  - PooledDataSource forcefully closed/removed all connections.
2020-06-17 08:18:23,612 18     [           main] DEBUG source.pooled.PooledDataSource  - PooledDataSource forcefully closed/removed all connections.
2020-06-17 08:18:23,612 18     [           main] DEBUG source.pooled.PooledDataSource  - PooledDataSource forcefully closed/removed all connections.
2020-06-17 08:18:23,689 95     [           main] DEBUG ansaction.jdbc.JdbcTransaction  - Opening JDBC Connection
2020-06-17 08:18:24,025 431    [           main] DEBUG source.pooled.PooledDataSource  - Created connection 2124046270.
2020-06-17 08:18:24,025 431    [           main] DEBUG ansaction.jdbc.JdbcTransaction  - Setting autocommit to false on JDBC Connection [com.mysql.jdbc.JDBC4Connection@7e9a5fbe]
2020-06-17 08:18:24,029 435    [           main] DEBUG    com.cc.dao.IUserDao.findAll  - ==>  Preparing: select * from user
2020-06-17 08:18:24,053 459    [           main] DEBUG    com.cc.dao.IUserDao.findAll  - ==> Parameters: 
2020-06-17 08:18:24,070 476    [           main] DEBUG    com.cc.dao.IUserDao.findAll  - <==      Total: 6
2020-06-17 08:18:24,071 477    [           main] DEBUG ansaction.jdbc.JdbcTransaction  - Resetting autocommit to true on JDBC Connection [com.mysql.jdbc.JDBC4Connection@7e9a5fbe]
2020-06-17 08:18:24,071 477    [           main] DEBUG ansaction.jdbc.JdbcTransaction  - Closing JDBC Connection [com.mysql.jdbc.JDBC4Connection@7e9a5fbe]
2020-06-17 08:18:24,071 477    [           main] DEBUG source.pooled.PooledDataSource  - Returned connection 2124046270 to pool.
2020-06-17 08:19:10,398 0      [           main] DEBUG ache.ibatis.logging.LogFactory  - Logging initialized using 'class org.apache.ibatis.logging.log4j.Log4jImpl' adapter.
2020-06-17 08:19:10,417 19     [           main] DEBUG source.pooled.PooledDataSource  - PooledDataSource forcefully closed/removed all connections.
2020-06-17 08:19:10,417 19     [           main] DEBUG source.pooled.PooledDataSource  - PooledDataSource forcefully closed/removed all connections.
2020-06-17 08:19:10,417 19     [           main] DEBUG source.pooled.PooledDataSource  - PooledDataSource forcefully closed/removed all connections.
2020-06-17 08:19:10,417 19     [           main] DEBUG source.pooled.PooledDataSource  - PooledDataSource forcefully closed/removed all connections.
2020-06-17 08:19:10,485 87     [           main] DEBUG ansaction.jdbc.JdbcTransaction  - Opening JDBC Connection
2020-06-17 08:19:10,827 429    [           main] DEBUG source.pooled.PooledDataSource  - Created connection 1210898719.
2020-06-17 08:19:10,827 429    [           main] DEBUG ansaction.jdbc.JdbcTransaction  - Setting autocommit to false on JDBC Connection [com.mysql.jdbc.JDBC4Connection@482cd91f]
2020-06-17 08:19:10,830 432    [           main] DEBUG    com.cc.dao.IUserDao.findAll  - ==>  Preparing: select * from user
2020-06-17 08:19:10,852 454    [           main] DEBUG    com.cc.dao.IUserDao.findAll  - ==> Parameters: 
2020-06-17 08:19:10,867 469    [           main] DEBUG    com.cc.dao.IUserDao.findAll  - <==      Total: 6
2020-06-17 08:19:10,868 470    [           main] DEBUG ansaction.jdbc.JdbcTransaction  - Resetting autocommit to true on JDBC Connection [com.mysql.jdbc.JDBC4Connection@482cd91f]
2020-06-17 08:19:10,868 470    [           main] DEBUG ansaction.jdbc.JdbcTransaction  - Closing JDBC Connection [com.mysql.jdbc.JDBC4Connection@482cd91f]
2020-06-17 08:19:10,868 470    [           main] DEBUG source.pooled.PooledDataSource  - Returned connection 1210898719 to pool.
2020-06-17 08:20:03,273 0      [           main] DEBUG ache.ibatis.logging.LogFactory  - Logging initialized using 'class org.apache.ibatis.logging.log4j.Log4jImpl' adapter.
2020-06-17 08:20:03,293 20     [           main] DEBUG source.pooled.PooledDataSource  - PooledDataSource forcefully closed/removed all connections.
2020-06-17 08:20:03,293 20     [           main] DEBUG source.pooled.PooledDataSource  - PooledDataSource forcefully closed/removed all connections.
2020-06-17 08:20:03,293 20     [           main] DEBUG source.pooled.PooledDataSource  - PooledDataSource forcefully closed/removed all connections.
2020-06-17 08:20:03,293 20     [           main] DEBUG source.pooled.PooledDataSource  - PooledDataSource forcefully closed/removed all connections.
2020-06-17 08:20:03,369 96     [           main] DEBUG ansaction.jdbc.JdbcTransaction  - Opening JDBC Connection
2020-06-17 08:20:03,729 456    [           main] DEBUG source.pooled.PooledDataSource  - Created connection 1210898719.
2020-06-17 08:20:03,729 456    [           main] DEBUG ansaction.jdbc.JdbcTransaction  - Setting autocommit to false on JDBC Connection [com.mysql.jdbc.JDBC4Connection@482cd91f]
2020-06-17 08:20:03,733 460    [           main] DEBUG    com.cc.dao.IUserDao.findAll  - ==>  Preparing: select * from user
2020-06-17 08:20:03,760 487    [           main] DEBUG    com.cc.dao.IUserDao.findAll  - ==> Parameters: 
2020-06-17 08:20:03,777 504    [           main] DEBUG    com.cc.dao.IUserDao.findAll  - <==      Total: 6
2020-06-17 08:20:03,778 505    [           main] DEBUG ansaction.jdbc.JdbcTransaction  - Resetting autocommit to true on JDBC Connection [com.mysql.jdbc.JDBC4Connection@482cd91f]
2020-06-17 08:20:03,778 505    [           main] DEBUG ansaction.jdbc.JdbcTransaction  - Closing JDBC Connection [com.mysql.jdbc.JDBC4Connection@482cd91f]
2020-06-17 08:20:03,779 506    [           main] DEBUG source.pooled.PooledDataSource  - Returned connection 1210898719 to pool.
2020-06-17 08:20:31,119 0      [           main] DEBUG ache.ibatis.logging.LogFactory  - Logging initialized using 'class org.apache.ibatis.logging.log4j.Log4jImpl' adapter.
2020-06-17 08:20:31,150 31     [           main] DEBUG source.pooled.PooledDataSource  - PooledDataSource forcefully closed/removed all connections.
2020-06-17 08:20:31,150 31     [           main] DEBUG source.pooled.PooledDataSource  - PooledDataSource forcefully closed/removed all connections.
2020-06-17 08:20:31,150 31     [           main] DEBUG source.pooled.PooledDataSource  - PooledDataSource forcefully closed/removed all connections.
2020-06-17 08:20:31,150 31     [           main] DEBUG source.pooled.PooledDataSource  - PooledDataSource forcefully closed/removed all connections.
2020-06-17 08:20:31,251 132    [           main] DEBUG ansaction.jdbc.JdbcTransaction  - Opening JDBC Connection
2020-06-17 08:20:31,631 512    [           main] DEBUG source.pooled.PooledDataSource  - Created connection 2124046270.
2020-06-17 08:20:31,631 512    [           main] DEBUG ansaction.jdbc.JdbcTransaction  - Setting autocommit to false on JDBC Connection [com.mysql.jdbc.JDBC4Connection@7e9a5fbe]
2020-06-17 08:20:31,635 516    [           main] DEBUG    com.cc.dao.IUserDao.findAll  - ==>  Preparing: select * from user
2020-06-17 08:20:31,661 542    [           main] DEBUG    com.cc.dao.IUserDao.findAll  - ==> Parameters: 
2020-06-17 08:20:31,680 561    [           main] DEBUG    com.cc.dao.IUserDao.findAll  - <==      Total: 6
2020-06-17 08:20:31,681 562    [           main] DEBUG ansaction.jdbc.JdbcTransaction  - Resetting autocommit to true on JDBC Connection [com.mysql.jdbc.JDBC4Connection@7e9a5fbe]
2020-06-17 08:20:31,682 563    [           main] DEBUG ansaction.jdbc.JdbcTransaction  - Closing JDBC Connection [com.mysql.jdbc.JDBC4Connection@7e9a5fbe]
2020-06-17 08:20:31,682 563    [           main] DEBUG source.pooled.PooledDataSource  - Returned connection 2124046270 to pool.
2020-06-17 08:33:53,687 0      [           main] DEBUG ache.ibatis.logging.LogFactory  - Logging initialized using 'class org.apache.ibatis.logging.log4j.Log4jImpl' adapter.
2020-06-17 08:33:53,713 26     [           main] DEBUG source.pooled.PooledDataSource  - PooledDataSource forcefully closed/removed all connections.
2020-06-17 08:33:53,714 27     [           main] DEBUG source.pooled.PooledDataSource  - PooledDataSource forcefully closed/removed all connections.
2020-06-17 08:33:53,714 27     [           main] DEBUG source.pooled.PooledDataSource  - PooledDataSource forcefully closed/removed all connections.
2020-06-17 08:33:53,714 27     [           main] DEBUG source.pooled.PooledDataSource  - PooledDataSource forcefully closed/removed all connections.
2020-06-17 08:33:53,788 101    [           main] DEBUG ansaction.jdbc.JdbcTransaction  - Opening JDBC Connection
2020-06-17 08:33:54,162 475    [           main] DEBUG source.pooled.PooledDataSource  - Created connection 315860201.
2020-06-17 08:33:54,162 475    [           main] DEBUG ansaction.jdbc.JdbcTransaction  - Setting autocommit to false on JDBC Connection [com.mysql.jdbc.JDBC4Connection@12d3a4e9]
2020-06-17 08:33:54,166 479    [           main] DEBUG    com.cc.dao.IUserDao.findAll  - ==>  Preparing: select * from user;
2020-06-17 08:33:54,187 500    [           main] DEBUG    com.cc.dao.IUserDao.findAll  - ==> Parameters: 
2020-06-17 08:33:54,213 526    [           main] DEBUG    com.cc.dao.IUserDao.findAll  - <==      Total: 6
2020-06-17 08:33:54,214 527    [           main] DEBUG ansaction.jdbc.JdbcTransaction  - Resetting autocommit to true on JDBC Connection [com.mysql.jdbc.JDBC4Connection@12d3a4e9]
2020-06-17 08:33:54,215 528    [           main] DEBUG ansaction.jdbc.JdbcTransaction  - Closing JDBC Connection [com.mysql.jdbc.JDBC4Connection@12d3a4e9]
2020-06-17 08:33:54,215 528    [           main] DEBUG source.pooled.PooledDataSource  - Returned connection 315860201 to pool.
2020-06-17 08:35:01,864 0      [           main] DEBUG ache.ibatis.logging.LogFactory  - Logging initialized using 'class org.apache.ibatis.logging.log4j.Log4jImpl' adapter.
2020-06-17 08:35:01,895 31     [           main] DEBUG source.pooled.PooledDataSource  - PooledDataSource forcefully closed/removed all connections.
2020-06-17 08:35:01,895 31     [           main] DEBUG source.pooled.PooledDataSource  - PooledDataSource forcefully closed/removed all connections.
2020-06-17 08:35:01,895 31     [           main] DEBUG source.pooled.PooledDataSource  - PooledDataSource forcefully closed/removed all connections.
2020-06-17 08:35:01,896 32     [           main] DEBUG source.pooled.PooledDataSource  - PooledDataSource forcefully closed/removed all connections.
2020-06-17 08:35:01,992 128    [           main] DEBUG ansaction.jdbc.JdbcTransaction  - Opening JDBC Connection
2020-06-17 08:35:02,459 595    [           main] DEBUG source.pooled.PooledDataSource  - Created connection 315860201.
2020-06-17 08:35:02,459 595    [           main] DEBUG ansaction.jdbc.JdbcTransaction  - Setting autocommit to false on JDBC Connection [com.mysql.jdbc.JDBC4Connection@12d3a4e9]
2020-06-17 08:35:02,465 601    [           main] DEBUG   com.cc.dao.IUserDao.saveUser  - ==>  Preparing: insert into user(username, address, sex, birthday) values (?, ?, ?, ?);
2020-06-17 08:35:02,507 643    [           main] DEBUG   com.cc.dao.IUserDao.saveUser  - ==> Parameters: cheng(String), 南京市(String), 男(String), 2020-06-17 08:35:01.982(Timestamp)
2020-06-17 08:35:02,523 659    [           main] DEBUG   com.cc.dao.IUserDao.saveUser  - <==    Updates: 1
2020-06-17 08:35:02,523 659    [           main] DEBUG ansaction.jdbc.JdbcTransaction  - Rolling back JDBC Connection [com.mysql.jdbc.JDBC4Connection@12d3a4e9]
2020-06-17 08:35:02,538 674    [           main] DEBUG ansaction.jdbc.JdbcTransaction  - Resetting autocommit to true on JDBC Connection [com.mysql.jdbc.JDBC4Connection@12d3a4e9]
2020-06-17 08:35:02,539 675    [           main] DEBUG ansaction.jdbc.JdbcTransaction  - Closing JDBC Connection [com.mysql.jdbc.JDBC4Connection@12d3a4e9]
2020-06-17 08:35:02,539 675    [           main] DEBUG source.pooled.PooledDataSource  - Returned connection 315860201 to pool.
2020-06-17 08:35:52,730 0      [           main] DEBUG ache.ibatis.logging.LogFactory  - Logging initialized using 'class org.apache.ibatis.logging.log4j.Log4jImpl' adapter.
2020-06-17 08:35:52,756 26     [           main] DEBUG source.pooled.PooledDataSource  - PooledDataSource forcefully closed/removed all connections.
2020-06-17 08:35:52,756 26     [           main] DEBUG source.pooled.PooledDataSource  - PooledDataSource forcefully closed/removed all connections.
2020-06-17 08:35:52,756 26     [           main] DEBUG source.pooled.PooledDataSource  - PooledDataSource forcefully closed/removed all connections.
2020-06-17 08:35:52,757 27     [           main] DEBUG source.pooled.PooledDataSource  - PooledDataSource forcefully closed/removed all connections.
2020-06-17 08:35:52,867 137    [           main] DEBUG ansaction.jdbc.JdbcTransaction  - Opening JDBC Connection
2020-06-17 08:35:53,284 554    [           main] DEBUG source.pooled.PooledDataSource  - Created connection 315860201.
2020-06-17 08:35:53,284 554    [           main] DEBUG ansaction.jdbc.JdbcTransaction  - Setting autocommit to false on JDBC Connection [com.mysql.jdbc.JDBC4Connection@12d3a4e9]
2020-06-17 08:35:53,289 559    [           main] DEBUG   com.cc.dao.IUserDao.saveUser  - ==>  Preparing: insert into user(username, address, sex, birthday) values (?, ?, ?, ?);
2020-06-17 08:35:53,330 600    [           main] DEBUG   com.cc.dao.IUserDao.saveUser  - ==> Parameters: cheng(String), 南京市(String), 男(String), 2020-06-17 08:35:52.853(Timestamp)
2020-06-17 08:35:53,332 602    [           main] DEBUG   com.cc.dao.IUserDao.saveUser  - <==    Updates: 1
2020-06-17 08:35:53,333 603    [           main] DEBUG ansaction.jdbc.JdbcTransaction  - Committing JDBC Connection [com.mysql.jdbc.JDBC4Connection@12d3a4e9]
2020-06-17 08:35:53,335 605    [           main] DEBUG ansaction.jdbc.JdbcTransaction  - Resetting autocommit to true on JDBC Connection [com.mysql.jdbc.JDBC4Connection@12d3a4e9]
2020-06-17 08:35:53,337 607    [           main] DEBUG ansaction.jdbc.JdbcTransaction  - Closing JDBC Connection [com.mysql.jdbc.JDBC4Connection@12d3a4e9]
2020-06-17 08:35:53,337 607    [           main] DEBUG source.pooled.PooledDataSource  - Returned connection 315860201 to pool.
2020-06-17 08:40:47,956 0      [           main] DEBUG ache.ibatis.logging.LogFactory  - Logging initialized using 'class org.apache.ibatis.logging.log4j.Log4jImpl' adapter.
2020-06-17 08:40:47,977 21     [           main] DEBUG source.pooled.PooledDataSource  - PooledDataSource forcefully closed/removed all connections.
2020-06-17 08:40:47,977 21     [           main] DEBUG source.pooled.PooledDataSource  - PooledDataSource forcefully closed/removed all connections.
2020-06-17 08:40:47,977 21     [           main] DEBUG source.pooled.PooledDataSource  - PooledDataSource forcefully closed/removed all connections.
2020-06-17 08:40:47,977 21     [           main] DEBUG source.pooled.PooledDataSource  - PooledDataSource forcefully closed/removed all connections.
2020-06-17 08:40:48,058 102    [           main] DEBUG ansaction.jdbc.JdbcTransaction  - Opening JDBC Connection
2020-06-17 08:40:48,448 492    [           main] DEBUG source.pooled.PooledDataSource  - Created connection 315860201.
2020-06-17 08:40:48,448 492    [           main] DEBUG ansaction.jdbc.JdbcTransaction  - Setting autocommit to false on JDBC Connection [com.mysql.jdbc.JDBC4Connection@12d3a4e9]
2020-06-17 08:40:48,463 507    [           main] DEBUG com.cc.dao.IUserDao.updateUser  - ==>  Preparing: update user set username=?, address=?, sex=?, birthday=? where id=?;
2020-06-17 08:40:48,491 535    [           main] DEBUG com.cc.dao.IUserDao.updateUser  - ==> Parameters: mary(String), 南京市(String), 女(String), 2020-06-17 08:40:48.047(Timestamp), 50(Integer)
2020-06-17 08:40:48,515 559    [           main] DEBUG com.cc.dao.IUserDao.updateUser  - <==    Updates: 1
2020-06-17 08:40:48,516 560    [           main] DEBUG ansaction.jdbc.JdbcTransaction  - Rolling back JDBC Connection [com.mysql.jdbc.JDBC4Connection@12d3a4e9]
2020-06-17 08:40:48,518 562    [           main] DEBUG ansaction.jdbc.JdbcTransaction  - Resetting autocommit to true on JDBC Connection [com.mysql.jdbc.JDBC4Connection@12d3a4e9]
2020-06-17 08:40:48,518 562    [           main] DEBUG ansaction.jdbc.JdbcTransaction  - Closing JDBC Connection [com.mysql.jdbc.JDBC4Connection@12d3a4e9]
2020-06-17 08:40:48,518 562    [           main] DEBUG source.pooled.PooledDataSource  - Returned connection 315860201 to pool.
2020-06-17 08:41:51,614 0      [           main] DEBUG ache.ibatis.logging.LogFactory  - Logging initialized using 'class org.apache.ibatis.logging.log4j.Log4jImpl' adapter.
2020-06-17 08:41:51,634 20     [           main] DEBUG source.pooled.PooledDataSource  - PooledDataSource forcefully closed/removed all connections.
2020-06-17 08:41:51,634 20     [           main] DEBUG source.pooled.PooledDataSource  - PooledDataSource forcefully closed/removed all connections.
2020-06-17 08:41:51,634 20     [           main] DEBUG source.pooled.PooledDataSource  - PooledDataSource forcefully closed/removed all connections.
2020-06-17 08:41:51,634 20     [           main] DEBUG source.pooled.PooledDataSource  - PooledDataSource forcefully closed/removed all connections.
2020-06-17 08:41:51,707 93     [           main] DEBUG ansaction.jdbc.JdbcTransaction  - Opening JDBC Connection
2020-06-17 08:41:52,090 476    [           main] DEBUG source.pooled.PooledDataSource  - Created connection 315860201.
2020-06-17 08:41:52,090 476    [           main] DEBUG ansaction.jdbc.JdbcTransaction  - Setting autocommit to false on JDBC Connection [com.mysql.jdbc.JDBC4Connection@12d3a4e9]
2020-06-17 08:41:52,094 480    [           main] DEBUG com.cc.dao.IUserDao.updateUser  - ==>  Preparing: update user set username=?, address=?, sex=?, birthday=? where id=?;
2020-06-17 08:41:52,122 508    [           main] DEBUG com.cc.dao.IUserDao.updateUser  - ==> Parameters: mary(String), 南京市(String), 女(String), 2020-06-17 08:41:51.697(Timestamp), 50(Integer)
2020-06-17 08:41:52,132 518    [           main] DEBUG com.cc.dao.IUserDao.updateUser  - <==    Updates: 1
2020-06-17 08:41:52,133 519    [           main] DEBUG ansaction.jdbc.JdbcTransaction  - Committing JDBC Connection [com.mysql.jdbc.JDBC4Connection@12d3a4e9]
2020-06-17 08:41:52,143 529    [           main] DEBUG ansaction.jdbc.JdbcTransaction  - Resetting autocommit to true on JDBC Connection [com.mysql.jdbc.JDBC4Connection@12d3a4e9]
2020-06-17 08:41:52,144 530    [           main] DEBUG ansaction.jdbc.JdbcTransaction  - Closing JDBC Connection [com.mysql.jdbc.JDBC4Connection@12d3a4e9]
2020-06-17 08:41:52,144 530    [           main] DEBUG source.pooled.PooledDataSource  - Returned connection 315860201 to pool.
2020-06-17 08:43:17,889 0      [           main] DEBUG ache.ibatis.logging.LogFactory  - Logging initialized using 'class org.apache.ibatis.logging.log4j.Log4jImpl' adapter.
2020-06-17 08:43:17,914 25     [           main] DEBUG source.pooled.PooledDataSource  - PooledDataSource forcefully closed/removed all connections.
2020-06-17 08:43:17,914 25     [           main] DEBUG source.pooled.PooledDataSource  - PooledDataSource forcefully closed/removed all connections.
2020-06-17 08:43:17,914 25     [           main] DEBUG source.pooled.PooledDataSource  - PooledDataSource forcefully closed/removed all connections.
2020-06-17 08:43:17,914 25     [           main] DEBUG source.pooled.PooledDataSource  - PooledDataSource forcefully closed/removed all connections.
2020-06-17 08:43:17,995 106    [           main] DEBUG ansaction.jdbc.JdbcTransaction  - Opening JDBC Connection
2020-06-17 08:43:18,407 518    [           main] DEBUG source.pooled.PooledDataSource  - Created connection 315860201.
2020-06-17 08:43:18,407 518    [           main] DEBUG ansaction.jdbc.JdbcTransaction  - Setting autocommit to false on JDBC Connection [com.mysql.jdbc.JDBC4Connection@12d3a4e9]
2020-06-17 08:43:18,412 523    [           main] DEBUG com.cc.dao.IUserDao.updateUser  - ==>  Preparing: update user set username=?, address=?, sex=?, birthday=? where id=?;
2020-06-17 08:43:18,453 564    [           main] DEBUG com.cc.dao.IUserDao.updateUser  - ==> Parameters: mary(String), 北京市(String), 女(String), 2020-06-17 08:43:17.986(Timestamp), 50(Integer)
2020-06-17 08:43:18,460 571    [           main] DEBUG com.cc.dao.IUserDao.updateUser  - <==    Updates: 1
2020-06-17 08:43:18,460 571    [           main] DEBUG ansaction.jdbc.JdbcTransaction  - Committing JDBC Connection [com.mysql.jdbc.JDBC4Connection@12d3a4e9]
2020-06-17 08:43:18,465 576    [           main] DEBUG ansaction.jdbc.JdbcTransaction  - Resetting autocommit to true on JDBC Connection [com.mysql.jdbc.JDBC4Connection@12d3a4e9]
2020-06-17 08:43:18,466 577    [           main] DEBUG ansaction.jdbc.JdbcTransaction  - Closing JDBC Connection [com.mysql.jdbc.JDBC4Connection@12d3a4e9]
2020-06-17 08:43:18,466 577    [           main] DEBUG source.pooled.PooledDataSource  - Returned connection 315860201 to pool.
2020-06-17 08:48:05,283 0      [           main] DEBUG ache.ibatis.logging.LogFactory  - Logging initialized using 'class org.apache.ibatis.logging.log4j.Log4jImpl' adapter.
2020-06-17 08:48:05,304 21     [           main] DEBUG source.pooled.PooledDataSource  - PooledDataSource forcefully closed/removed all connections.
2020-06-17 08:48:05,304 21     [           main] DEBUG source.pooled.PooledDataSource  - PooledDataSource forcefully closed/removed all connections.
2020-06-17 08:48:05,304 21     [           main] DEBUG source.pooled.PooledDataSource  - PooledDataSource forcefully closed/removed all connections.
2020-06-17 08:48:05,304 21     [           main] DEBUG source.pooled.PooledDataSource  - PooledDataSource forcefully closed/removed all connections.
2020-06-17 08:48:05,384 101    [           main] DEBUG ansaction.jdbc.JdbcTransaction  - Opening JDBC Connection
2020-06-17 08:48:05,783 500    [           main] DEBUG source.pooled.PooledDataSource  - Created connection 315860201.
2020-06-17 08:48:05,784 501    [           main] DEBUG ansaction.jdbc.JdbcTransaction  - Setting autocommit to false on JDBC Connection [com.mysql.jdbc.JDBC4Connection@12d3a4e9]
2020-06-17 08:48:05,787 504    [           main] DEBUG com.cc.dao.IUserDao.deleteUser  - ==>  Preparing: delete from user where id = ?
2020-06-17 08:48:05,809 526    [           main] DEBUG com.cc.dao.IUserDao.deleteUser  - ==> Parameters: 48(Integer)
2020-06-17 08:48:05,813 530    [           main] DEBUG com.cc.dao.IUserDao.deleteUser  - <==    Updates: 1
2020-06-17 08:48:05,813 530    [           main] DEBUG ansaction.jdbc.JdbcTransaction  - Committing JDBC Connection [com.mysql.jdbc.JDBC4Connection@12d3a4e9]
2020-06-17 08:48:05,818 535    [           main] DEBUG ansaction.jdbc.JdbcTransaction  - Resetting autocommit to true on JDBC Connection [com.mysql.jdbc.JDBC4Connection@12d3a4e9]
2020-06-17 08:48:05,819 536    [           main] DEBUG ansaction.jdbc.JdbcTransaction  - Closing JDBC Connection [com.mysql.jdbc.JDBC4Connection@12d3a4e9]
2020-06-17 08:48:05,819 536    [           main] DEBUG source.pooled.PooledDataSource  - Returned connection 315860201 to pool.
2020-06-17 08:52:08,466 0      [           main] DEBUG ache.ibatis.logging.LogFactory  - Logging initialized using 'class org.apache.ibatis.logging.log4j.Log4jImpl' adapter.
2020-06-17 08:52:08,489 23     [           main] DEBUG source.pooled.PooledDataSource  - PooledDataSource forcefully closed/removed all connections.
2020-06-17 08:52:08,489 23     [           main] DEBUG source.pooled.PooledDataSource  - PooledDataSource forcefully closed/removed all connections.
2020-06-17 08:52:08,489 23     [           main] DEBUG source.pooled.PooledDataSource  - PooledDataSource forcefully closed/removed all connections.
2020-06-17 08:52:08,489 23     [           main] DEBUG source.pooled.PooledDataSource  - PooledDataSource forcefully closed/removed all connections.
2020-06-17 08:52:08,588 122    [           main] DEBUG ansaction.jdbc.JdbcTransaction  - Opening JDBC Connection
2020-06-17 08:52:09,052 586    [           main] DEBUG source.pooled.PooledDataSource  - Created connection 1418334255.
2020-06-17 08:52:09,052 586    [           main] DEBUG ansaction.jdbc.JdbcTransaction  - Setting autocommit to false on JDBC Connection [com.mysql.jdbc.JDBC4Connection@548a102f]
2020-06-17 08:52:09,058 592    [           main] DEBUG   com.cc.dao.IUserDao.findById  - ==>  Preparing: select * from user where id = ?
2020-06-17 08:52:09,098 632    [           main] DEBUG   com.cc.dao.IUserDao.findById  - ==> Parameters: 50(Integer)
2020-06-17 08:52:09,118 652    [           main] DEBUG   com.cc.dao.IUserDao.findById  - <==      Total: 1
2020-06-17 08:52:09,119 653    [           main] DEBUG ansaction.jdbc.JdbcTransaction  - Resetting autocommit to true on JDBC Connection [com.mysql.jdbc.JDBC4Connection@548a102f]
2020-06-17 08:52:09,119 653    [           main] DEBUG ansaction.jdbc.JdbcTransaction  - Closing JDBC Connection [com.mysql.jdbc.JDBC4Connection@548a102f]
2020-06-17 08:52:09,120 654    [           main] DEBUG source.pooled.PooledDataSource  - Returned connection 1418334255 to pool.
2020-06-17 08:57:50,341 0      [           main] DEBUG ache.ibatis.logging.LogFactory  - Logging initialized using 'class org.apache.ibatis.logging.log4j.Log4jImpl' adapter.
2020-06-17 08:57:50,373 32     [           main] DEBUG source.pooled.PooledDataSource  - PooledDataSource forcefully closed/removed all connections.
2020-06-17 08:57:50,373 32     [           main] DEBUG source.pooled.PooledDataSource  - PooledDataSource forcefully closed/removed all connections.
2020-06-17 08:57:50,373 32     [           main] DEBUG source.pooled.PooledDataSource  - PooledDataSource forcefully closed/removed all connections.
2020-06-17 08:57:50,373 32     [           main] DEBUG source.pooled.PooledDataSource  - PooledDataSource forcefully closed/removed all connections.
2020-06-17 08:57:50,487 146    [           main] DEBUG ansaction.jdbc.JdbcTransaction  - Opening JDBC Connection
2020-06-17 08:57:50,939 598    [           main] DEBUG source.pooled.PooledDataSource  - Created connection 1418334255.
2020-06-17 08:57:50,939 598    [           main] DEBUG ansaction.jdbc.JdbcTransaction  - Setting autocommit to false on JDBC Connection [com.mysql.jdbc.JDBC4Connection@548a102f]
2020-06-17 08:57:50,943 602    [           main] DEBUG com.cc.dao.IUserDao.findByName  - ==>  Preparing: select * from user where username like ?
2020-06-17 08:57:50,983 642    [           main] DEBUG com.cc.dao.IUserDao.findByName  - ==> Parameters: %王%(String)
2020-06-17 08:57:51,013 672    [           main] DEBUG com.cc.dao.IUserDao.findByName  - <==      Total: 4
2020-06-17 08:57:51,015 674    [           main] DEBUG ansaction.jdbc.JdbcTransaction  - Resetting autocommit to true on JDBC Connection [com.mysql.jdbc.JDBC4Connection@548a102f]
2020-06-17 08:57:51,016 675    [           main] DEBUG ansaction.jdbc.JdbcTransaction  - Closing JDBC Connection [com.mysql.jdbc.JDBC4Connection@548a102f]
2020-06-17 08:57:51,016 675    [           main] DEBUG source.pooled.PooledDataSource  - Returned connection 1418334255 to pool.
2020-06-17 18:58:00,827 0      [           main] DEBUG ache.ibatis.logging.LogFactory  - Logging initialized using 'class org.apache.ibatis.logging.log4j.Log4jImpl' adapter.
2020-06-17 18:58:00,853 26     [           main] DEBUG source.pooled.PooledDataSource  - PooledDataSource forcefully closed/removed all connections.
2020-06-17 18:58:00,853 26     [           main] DEBUG source.pooled.PooledDataSource  - PooledDataSource forcefully closed/removed all connections.
2020-06-17 18:58:00,854 27     [           main] DEBUG source.pooled.PooledDataSource  - PooledDataSource forcefully closed/removed all connections.
2020-06-17 18:58:00,854 27     [           main] DEBUG source.pooled.PooledDataSource  - PooledDataSource forcefully closed/removed all connections.
2020-06-17 18:58:00,956 129    [           main] DEBUG ansaction.jdbc.JdbcTransaction  - Opening JDBC Connection
2020-06-17 18:58:01,389 562    [           main] DEBUG source.pooled.PooledDataSource  - Created connection 315860201.
2020-06-17 18:58:01,389 562    [           main] DEBUG ansaction.jdbc.JdbcTransaction  - Setting autocommit to false on JDBC Connection [com.mysql.jdbc.JDBC4Connection@12d3a4e9]
2020-06-17 18:58:01,393 566    [           main] DEBUG  com.cc.dao.IUserDao.findTotal  - ==>  Preparing: select count(id) from user;
2020-06-17 18:58:01,426 599    [           main] DEBUG  com.cc.dao.IUserDao.findTotal  - ==> Parameters: 
2020-06-17 18:58:01,453 626    [           main] DEBUG  com.cc.dao.IUserDao.findTotal  - <==      Total: 1
2020-06-17 18:58:01,453 626    [           main] DEBUG ansaction.jdbc.JdbcTransaction  - Resetting autocommit to true on JDBC Connection [com.mysql.jdbc.JDBC4Connection@12d3a4e9]
2020-06-17 18:58:01,454 627    [           main] DEBUG ansaction.jdbc.JdbcTransaction  - Closing JDBC Connection [com.mysql.jdbc.JDBC4Connection@12d3a4e9]
2020-06-17 18:58:01,454 627    [           main] DEBUG source.pooled.PooledDataSource  - Returned connection 315860201 to pool.
2020-06-17 19:01:51,588 0      [           main] DEBUG ache.ibatis.logging.LogFactory  - Logging initialized using 'class org.apache.ibatis.logging.log4j.Log4jImpl' adapter.
2020-06-17 19:01:51,613 25     [           main] DEBUG source.pooled.PooledDataSource  - PooledDataSource forcefully closed/removed all connections.
2020-06-17 19:01:51,613 25     [           main] DEBUG source.pooled.PooledDataSource  - PooledDataSource forcefully closed/removed all connections.
2020-06-17 19:01:51,613 25     [           main] DEBUG source.pooled.PooledDataSource  - PooledDataSource forcefully closed/removed all connections.
2020-06-17 19:01:51,613 25     [           main] DEBUG source.pooled.PooledDataSource  - PooledDataSource forcefully closed/removed all connections.
2020-06-17 19:01:51,730 142    [           main] DEBUG ansaction.jdbc.JdbcTransaction  - Opening JDBC Connection
2020-06-17 19:01:52,253 665    [           main] DEBUG source.pooled.PooledDataSource  - Created connection 266272063.
2020-06-17 19:01:52,254 666    [           main] DEBUG ansaction.jdbc.JdbcTransaction  - Setting autocommit to false on JDBC Connection [com.mysql.jdbc.JDBC4Connection@fdefd3f]
2020-06-17 19:01:52,258 670    [           main] DEBUG com.cc.dao.IUserDao.findByName  - ==>  Preparing: -- select * from user where username like ? select * from user where username like '%王%'
2020-06-17 19:01:52,301 713    [           main] DEBUG ansaction.jdbc.JdbcTransaction  - Resetting autocommit to true on JDBC Connection [com.mysql.jdbc.JDBC4Connection@fdefd3f]
2020-06-17 19:01:52,302 714    [           main] DEBUG ansaction.jdbc.JdbcTransaction  - Closing JDBC Connection [com.mysql.jdbc.JDBC4Connection@fdefd3f]
2020-06-17 19:01:52,302 714    [           main] DEBUG source.pooled.PooledDataSource  - Returned connection 266272063 to pool.
2020-06-17 19:02:05,078 0      [           main] DEBUG ache.ibatis.logging.LogFactory  - Logging initialized using 'class org.apache.ibatis.logging.log4j.Log4jImpl' adapter.
2020-06-17 19:02:05,104 26     [           main] DEBUG source.pooled.PooledDataSource  - PooledDataSource forcefully closed/removed all connections.
2020-06-17 19:02:05,104 26     [           main] DEBUG source.pooled.PooledDataSource  - PooledDataSource forcefully closed/removed all connections.
2020-06-17 19:02:05,104 26     [           main] DEBUG source.pooled.PooledDataSource  - PooledDataSource forcefully closed/removed all connections.
2020-06-17 19:02:05,104 26     [           main] DEBUG source.pooled.PooledDataSource  - PooledDataSource forcefully closed/removed all connections.
2020-06-17 19:02:05,241 163    [           main] DEBUG ansaction.jdbc.JdbcTransaction  - Opening JDBC Connection
2020-06-17 19:02:05,672 594    [           main] DEBUG source.pooled.PooledDataSource  - Created connection 266272063.
2020-06-17 19:02:05,672 594    [           main] DEBUG ansaction.jdbc.JdbcTransaction  - Setting autocommit to false on JDBC Connection [com.mysql.jdbc.JDBC4Connection@fdefd3f]
2020-06-17 19:02:05,677 599    [           main] DEBUG com.cc.dao.IUserDao.findByName  - ==>  Preparing: select * from user where username like '%王%'
2020-06-17 19:02:05,718 640    [           main] DEBUG com.cc.dao.IUserDao.findByName  - ==> Parameters: 
2020-06-17 19:02:05,734 656    [           main] DEBUG com.cc.dao.IUserDao.findByName  - <==      Total: 4
2020-06-17 19:02:05,735 657    [           main] DEBUG ansaction.jdbc.JdbcTransaction  - Resetting autocommit to true on JDBC Connection [com.mysql.jdbc.JDBC4Connection@fdefd3f]
2020-06-17 19:02:05,736 658    [           main] DEBUG ansaction.jdbc.JdbcTransaction  - Closing JDBC Connection [com.mysql.jdbc.JDBC4Connection@fdefd3f]
2020-06-17 19:02:05,736 658    [           main] DEBUG source.pooled.PooledDataSource  - Returned connection 266272063 to pool.
2020-06-17 19:12:38,422 0      [           main] DEBUG ache.ibatis.logging.LogFactory  - Logging initialized using 'class org.apache.ibatis.logging.log4j.Log4jImpl' adapter.
2020-06-17 19:12:38,458 36     [           main] DEBUG source.pooled.PooledDataSource  - PooledDataSource forcefully closed/removed all connections.
2020-06-17 19:12:38,459 37     [           main] DEBUG source.pooled.PooledDataSource  - PooledDataSource forcefully closed/removed all connections.
2020-06-17 19:12:38,459 37     [           main] DEBUG source.pooled.PooledDataSource  - PooledDataSource forcefully closed/removed all connections.
2020-06-17 19:12:38,459 37     [           main] DEBUG source.pooled.PooledDataSource  - PooledDataSource forcefully closed/removed all connections.
2020-06-17 19:12:38,576 154    [           main] DEBUG ansaction.jdbc.JdbcTransaction  - Opening JDBC Connection
2020-06-17 19:12:39,042 620    [           main] DEBUG source.pooled.PooledDataSource  - Created connection 556529265.
2020-06-17 19:12:39,042 620    [           main] DEBUG ansaction.jdbc.JdbcTransaction  - Setting autocommit to false on JDBC Connection [com.mysql.jdbc.JDBC4Connection@212bf671]
2020-06-17 19:12:39,046 624    [           main] DEBUG   com.cc.dao.IUserDao.saveUser  - ==>  Preparing: insert into user(username, address, sex, birthday) values (?, ?, ?, ?);
2020-06-17 19:12:39,074 652    [           main] DEBUG   com.cc.dao.IUserDao.saveUser  - ==> Parameters: cheng last insertId(String), 南京市(String), 男(String), 2020-06-17 19:12:38.562(Timestamp)
2020-06-17 19:12:39,076 654    [           main] DEBUG   com.cc.dao.IUserDao.saveUser  - <==    Updates: 1
2020-06-17 19:12:39,078 656    [           main] DEBUG ao.IUserDao.saveUser!selectKey  - ==>  Preparing: select last_insert_id();
2020-06-17 19:12:39,078 656    [           main] DEBUG ao.IUserDao.saveUser!selectKey  - ==> Parameters: 
2020-06-17 19:12:39,092 670    [           main] DEBUG ao.IUserDao.saveUser!selectKey  - <==      Total: 1
2020-06-17 19:12:39,093 671    [           main] DEBUG ansaction.jdbc.JdbcTransaction  - Committing JDBC Connection [com.mysql.jdbc.JDBC4Connection@212bf671]
2020-06-17 19:12:39,094 672    [           main] DEBUG ansaction.jdbc.JdbcTransaction  - Resetting autocommit to true on JDBC Connection [com.mysql.jdbc.JDBC4Connection@212bf671]
2020-06-17 19:12:39,095 673    [           main] DEBUG ansaction.jdbc.JdbcTransaction  - Closing JDBC Connection [com.mysql.jdbc.JDBC4Connection@212bf671]
2020-06-17 19:12:39,095 673    [           main] DEBUG source.pooled.PooledDataSource  - Returned connection 556529265 to pool.
2020-06-17 19:38:07,110 0      [           main] DEBUG ache.ibatis.logging.LogFactory  - Logging initialized using 'class org.apache.ibatis.logging.log4j.Log4jImpl' adapter.
2020-06-17 19:38:07,133 23     [           main] DEBUG source.pooled.PooledDataSource  - PooledDataSource forcefully closed/removed all connections.
2020-06-17 19:38:07,133 23     [           main] DEBUG source.pooled.PooledDataSource  - PooledDataSource forcefully closed/removed all connections.
2020-06-17 19:38:07,134 24     [           main] DEBUG source.pooled.PooledDataSource  - PooledDataSource forcefully closed/removed all connections.
2020-06-17 19:38:07,134 24     [           main] DEBUG source.pooled.PooledDataSource  - PooledDataSource forcefully closed/removed all connections.
2020-06-17 19:38:07,231 121    [           main] DEBUG ansaction.jdbc.JdbcTransaction  - Opening JDBC Connection
2020-06-17 19:38:07,706 596    [           main] DEBUG source.pooled.PooledDataSource  - Created connection 492079624.
2020-06-17 19:38:07,706 596    [           main] DEBUG ansaction.jdbc.JdbcTransaction  - Setting autocommit to false on JDBC Connection [com.mysql.jdbc.JDBC4Connection@1d548a08]
2020-06-17 19:38:07,711 601    [           main] DEBUG m.cc.dao.IUserDao.findUserByVo  - ==>  Preparing: select * from user where username like ?
2020-06-17 19:38:07,761 651    [           main] DEBUG m.cc.dao.IUserDao.findUserByVo  - ==> Parameters: %王%(String)
2020-06-17 19:38:07,822 712    [           main] DEBUG m.cc.dao.IUserDao.findUserByVo  - <==      Total: 4
2020-06-17 19:38:07,823 713    [           main] DEBUG ansaction.jdbc.JdbcTransaction  - Resetting autocommit to true on JDBC Connection [com.mysql.jdbc.JDBC4Connection@1d548a08]
2020-06-17 19:38:07,824 714    [           main] DEBUG ansaction.jdbc.JdbcTransaction  - Closing JDBC Connection [com.mysql.jdbc.JDBC4Connection@1d548a08]
2020-06-17 19:38:07,824 714    [           main] DEBUG source.pooled.PooledDataSource  - Returned connection 492079624 to pool.
2020-06-17 19:56:16,693 0      [           main] DEBUG ache.ibatis.logging.LogFactory  - Logging initialized using 'class org.apache.ibatis.logging.log4j.Log4jImpl' adapter.
2020-06-17 19:56:16,727 34     [           main] DEBUG source.pooled.PooledDataSource  - PooledDataSource forcefully closed/removed all connections.
2020-06-17 19:56:16,727 34     [           main] DEBUG source.pooled.PooledDataSource  - PooledDataSource forcefully closed/removed all connections.
2020-06-17 19:56:16,727 34     [           main] DEBUG source.pooled.PooledDataSource  - PooledDataSource forcefully closed/removed all connections.
2020-06-17 19:56:16,727 34     [           main] DEBUG source.pooled.PooledDataSource  - PooledDataSource forcefully closed/removed all connections.
2020-06-17 19:56:16,840 147    [           main] DEBUG ansaction.jdbc.JdbcTransaction  - Opening JDBC Connection
2020-06-17 19:56:17,411 718    [           main] DEBUG source.pooled.PooledDataSource  - Created connection 346224929.
2020-06-17 19:56:17,412 719    [           main] DEBUG ansaction.jdbc.JdbcTransaction  - Setting autocommit to false on JDBC Connection [com.mysql.jdbc.JDBC4Connection@14a2f921]
2020-06-17 19:56:17,430 737    [           main] DEBUG    com.cc.dao.IUserDao.findAll  - ==>  Preparing: select * from user;
2020-06-17 19:56:17,470 777    [           main] DEBUG    com.cc.dao.IUserDao.findAll  - ==> Parameters: 
2020-06-17 19:56:17,487 794    [           main] DEBUG    com.cc.dao.IUserDao.findAll  - <==      Total: 7
2020-06-17 19:56:17,488 795    [           main] DEBUG ansaction.jdbc.JdbcTransaction  - Resetting autocommit to true on JDBC Connection [com.mysql.jdbc.JDBC4Connection@14a2f921]
2020-06-17 19:56:17,489 796    [           main] DEBUG ansaction.jdbc.JdbcTransaction  - Closing JDBC Connection [com.mysql.jdbc.JDBC4Connection@14a2f921]
2020-06-17 19:56:17,489 796    [           main] DEBUG source.pooled.PooledDataSource  - Returned connection 346224929 to pool.
2020-06-17 19:57:33,724 0      [           main] DEBUG ache.ibatis.logging.LogFactory  - Logging initialized using 'class org.apache.ibatis.logging.log4j.Log4jImpl' adapter.
2020-06-17 19:57:33,752 28     [           main] DEBUG source.pooled.PooledDataSource  - PooledDataSource forcefully closed/removed all connections.
2020-06-17 19:57:33,752 28     [           main] DEBUG source.pooled.PooledDataSource  - PooledDataSource forcefully closed/removed all connections.
2020-06-17 19:57:33,752 28     [           main] DEBUG source.pooled.PooledDataSource  - PooledDataSource forcefully closed/removed all connections.
2020-06-17 19:57:33,752 28     [           main] DEBUG source.pooled.PooledDataSource  - PooledDataSource forcefully closed/removed all connections.
2020-06-17 19:57:33,854 130    [           main] DEBUG ansaction.jdbc.JdbcTransaction  - Opening JDBC Connection
2020-06-17 19:57:34,336 612    [           main] DEBUG source.pooled.PooledDataSource  - Created connection 346224929.
2020-06-17 19:57:34,336 612    [           main] DEBUG ansaction.jdbc.JdbcTransaction  - Setting autocommit to false on JDBC Connection [com.mysql.jdbc.JDBC4Connection@14a2f921]
2020-06-17 19:57:34,353 629    [           main] DEBUG    com.cc.dao.IUserDao.findAll  - ==>  Preparing: select id as userId, username as userName, address as userAddress, sex as userSex, birthday as userBirthday from user;
2020-06-17 19:57:34,388 664    [           main] DEBUG    com.cc.dao.IUserDao.findAll  - ==> Parameters: 
2020-06-17 19:57:34,412 688    [           main] DEBUG    com.cc.dao.IUserDao.findAll  - <==      Total: 7
2020-06-17 19:57:34,414 690    [           main] DEBUG ansaction.jdbc.JdbcTransaction  - Resetting autocommit to true on JDBC Connection [com.mysql.jdbc.JDBC4Connection@14a2f921]
2020-06-17 19:57:34,415 691    [           main] DEBUG ansaction.jdbc.JdbcTransaction  - Closing JDBC Connection [com.mysql.jdbc.JDBC4Connection@14a2f921]
2020-06-17 19:57:34,415 691    [           main] DEBUG source.pooled.PooledDataSource  - Returned connection 346224929 to pool.
2020-06-19 07:44:12,932 0      [           main] DEBUG ache.ibatis.logging.LogFactory  - Logging initialized using 'class org.apache.ibatis.logging.log4j.Log4jImpl' adapter.
2020-06-19 07:44:12,974 42     [           main] DEBUG source.pooled.PooledDataSource  - PooledDataSource forcefully closed/removed all connections.
2020-06-19 07:44:12,974 42     [           main] DEBUG source.pooled.PooledDataSource  - PooledDataSource forcefully closed/removed all connections.
2020-06-19 07:44:12,974 42     [           main] DEBUG source.pooled.PooledDataSource  - PooledDataSource forcefully closed/removed all connections.
2020-06-19 07:44:12,974 42     [           main] DEBUG source.pooled.PooledDataSource  - PooledDataSource forcefully closed/removed all connections.
2020-06-19 07:44:13,116 184    [           main] DEBUG ansaction.jdbc.JdbcTransaction  - Opening JDBC Connection
2020-06-19 07:44:13,792 860    [           main] DEBUG source.pooled.PooledDataSource  - Created connection 346224929.
2020-06-19 07:44:13,793 861    [           main] DEBUG ansaction.jdbc.JdbcTransaction  - Setting autocommit to false on JDBC Connection [com.mysql.jdbc.JDBC4Connection@14a2f921]
2020-06-19 07:44:13,797 865    [           main] DEBUG    com.cc.dao.IUserDao.findAll  - ==>  Preparing: select id as userId, username as userName, address as userAddress, sex as userSex, birthday as userBirthday from user;
2020-06-19 07:44:13,821 889    [           main] DEBUG    com.cc.dao.IUserDao.findAll  - ==> Parameters: 
2020-06-19 07:44:13,846 914    [           main] DEBUG    com.cc.dao.IUserDao.findAll  - <==      Total: 7
2020-06-19 07:44:13,847 915    [           main] DEBUG ansaction.jdbc.JdbcTransaction  - Resetting autocommit to true on JDBC Connection [com.mysql.jdbc.JDBC4Connection@14a2f921]
2020-06-19 07:44:13,848 916    [           main] DEBUG ansaction.jdbc.JdbcTransaction  - Closing JDBC Connection [com.mysql.jdbc.JDBC4Connection@14a2f921]
2020-06-19 07:44:13,848 916    [           main] DEBUG source.pooled.PooledDataSource  - Returned connection 346224929 to pool.
